
[2024-11-28 16:31:35] [DEBUG - LBridge_logger] - Houdini Listener started on localhost:24981
[2024-11-28 16:31:41] [DEBUG - LBridge_logger] - Successfully imported asset: Desert Western Tree Log Dead Large 01:xglpebg
[2024-11-28 16:31:46] [DEBUG - LBridge_logger] - Successfully imported asset: Desert Western Cliff Sheer Xl 09:xgjodgt
[2024-11-28 16:31:50] [DEBUG - LBridge_logger] - Successfully imported asset: Small Stones Pack:vcljbb1iw
[2024-11-28 16:31:54] [DEBUG - LBridge_logger] - Asset: Raspberry:wf0oefeja was successfully imported
[2024-11-28 16:31:59] [DEBUG - LBridge_logger] - Houdini Listener stopped`






[2024-11-28 16:33:35] [DEBUG - LBridge_logger] - Houdini Listener started on localhost:24981
[2024-11-28 16:33:44] [DEBUG - LBridge_logger] - Successfully imported asset: Desert Western Tree Log Dead Large 01:xglpebg
[2024-11-28 16:33:46] [DEBUG - LBridge_logger] - Houdini Listener stopped`






[2024-11-28 16:34:27] [DEBUG - LBridge_logger] - Houdini Listener started on localhost:24981
[2024-11-28 16:34:50] [ERROR - LBridge_logger] - Converting old file: G:/MegascansLibrary_v02/Downloaded/3d/nature_tree_xglpebg/xglpebg_4K_Albedo.exr
[2024-11-28 16:34:50] [ERROR - LBridge_logger] - Converting old file: G:/MegascansLibrary_v02/Downloaded/3d/nature_tree_xglpebg/xglpebg_4K_Displacement.exr
[2024-11-28 16:34:50] [ERROR - LBridge_logger] - Converting old file: G:/MegascansLibrary_v02/Downloaded/3d/nature_tree_xglpebg/xglpebg_4K_Normal_LOD0.exr
[2024-11-28 16:34:50] [ERROR - LBridge_logger] - Converting old file: G:/MegascansLibrary_v02/Downloaded/3d/nature_tree_xglpebg/xglpebg_4K_Roughness.exr
[2024-11-28 16:34:50] [ERROR - LBridge_logger] - Converting old file: G:/MegascansLibrary_v02/Downloaded/3d/nature_tree_xglpebg/xglpebg_4K_Specular.exr
[2024-11-28 16:34:50] [ERROR - LBridge_logger] - Converting old file: G:/MegascansLibrary_v02/Downloaded/3d/nature_tree_xglpebg/xglpebg_4K_Albedo.exr
[2024-11-28 16:34:50] [ERROR - LBridge_logger] - Converting old file: G:/MegascansLibrary_v02/Downloaded/3d/nature_tree_xglpebg/xglpebg_4K_Albedo_LOD4.exr
[2024-11-28 16:34:50] [ERROR - LBridge_logger] - Converting old file: G:/MegascansLibrary_v02/Downloaded/3d/nature_tree_xglpebg/xglpebg_4K_Albedo_LOD5.exr
[2024-11-28 16:34:50] [ERROR - LBridge_logger] - Converting old file: G:/MegascansLibrary_v02/Downloaded/3d/nature_tree_xglpebg/xglpebg_4K_Albedo_Preview.exr
[2024-11-28 16:34:50] [ERROR - LBridge_logger] - Converting old file: G:/MegascansLibrary_v02/Downloaded/3d/nature_tree_xglpebg/xglpebg_4K_Normal_LOD0.exr
[2024-11-28 16:34:50] [ERROR - LBridge_logger] - Converting old file: G:/MegascansLibrary_v02/Downloaded/3d/nature_tree_xglpebg/xglpebg_4K_Normal_LOD1.exr
[2024-11-28 16:34:50] [ERROR - LBridge_logger] - Converting old file: G:/MegascansLibrary_v02/Downloaded/3d/nature_tree_xglpebg/xglpebg_4K_Normal_LOD2.exr
[2024-11-28 16:34:50] [ERROR - LBridge_logger] - Converting old file: G:/MegascansLibrary_v02/Downloaded/3d/nature_tree_xglpebg/xglpebg_4K_Normal_LOD3.exr
[2024-11-28 16:34:50] [ERROR - LBridge_logger] - Converting old file: G:/MegascansLibrary_v02/Downloaded/3d/nature_tree_xglpebg/xglpebg_4K_Normal_LOD4.exr
[2024-11-28 16:34:50] [ERROR - LBridge_logger] - Converting old file: G:/MegascansLibrary_v02/Downloaded/3d/nature_tree_xglpebg/xglpebg_4K_Normal_LOD5.exr
[2024-11-28 16:34:59] [DEBUG - LBridge_logger] - Successfully imported asset: Desert Western Tree Log Dead Large 01:xglpebg
[2024-11-28 16:35:01] [DEBUG - LBridge_logger] - Houdini Listener stopped`






[2024-11-28 16:35:26] [DEBUG - LBridge_logger] - Houdini Listener started on localhost:24981
[2024-11-28 16:35:45] [ERROR - LBridge_logger] - Converting old file: G:/MegascansLibrary_v02/Downloaded/3d/nature_rock_xgjodgt/xgjodgt_4K_Albedo.exr
[2024-11-28 16:35:45] [ERROR - LBridge_logger] - Converting old file: G:/MegascansLibrary_v02/Downloaded/3d/nature_rock_xgjodgt/xgjodgt_4K_Displacement.exr
[2024-11-28 16:35:45] [ERROR - LBridge_logger] - Converting old file: G:/MegascansLibrary_v02/Downloaded/3d/nature_rock_xgjodgt/xgjodgt_4K_Normal_LOD0.exr
[2024-11-28 16:35:45] [ERROR - LBridge_logger] - Converting old file: G:/MegascansLibrary_v02/Downloaded/3d/nature_rock_xgjodgt/xgjodgt_4K_Roughness.exr
[2024-11-28 16:35:45] [ERROR - LBridge_logger] - Converting old file: G:/MegascansLibrary_v02/Downloaded/3d/nature_rock_xgjodgt/xgjodgt_4K_Specular.exr
[2024-11-28 16:35:45] [ERROR - LBridge_logger] - Converting old file: G:/MegascansLibrary_v02/Downloaded/3d/nature_rock_xgjodgt/xgjodgt_4K_Albedo.exr
[2024-11-28 16:35:45] [ERROR - LBridge_logger] - Converting old file: G:/MegascansLibrary_v02/Downloaded/3d/nature_rock_xgjodgt/xgjodgt_4K_Albedo_LOD4.exr
[2024-11-28 16:35:45] [ERROR - LBridge_logger] - Converting old file: G:/MegascansLibrary_v02/Downloaded/3d/nature_rock_xgjodgt/xgjodgt_4K_Albedo_LOD5.exr
[2024-11-28 16:35:45] [ERROR - LBridge_logger] - Converting old file: G:/MegascansLibrary_v02/Downloaded/3d/nature_rock_xgjodgt/xgjodgt_4K_Albedo_Preview.exr
[2024-11-28 16:35:45] [ERROR - LBridge_logger] - Converting old file: G:/MegascansLibrary_v02/Downloaded/3d/nature_rock_xgjodgt/xgjodgt_4K_Normal_LOD0.exr
[2024-11-28 16:35:45] [ERROR - LBridge_logger] - Converting old file: G:/MegascansLibrary_v02/Downloaded/3d/nature_rock_xgjodgt/xgjodgt_4K_Normal_LOD1.exr
[2024-11-28 16:35:45] [ERROR - LBridge_logger] - Converting old file: G:/MegascansLibrary_v02/Downloaded/3d/nature_rock_xgjodgt/xgjodgt_4K_Normal_LOD2.exr
[2024-11-28 16:35:45] [ERROR - LBridge_logger] - Converting old file: G:/MegascansLibrary_v02/Downloaded/3d/nature_rock_xgjodgt/xgjodgt_4K_Normal_LOD3.exr
[2024-11-28 16:35:45] [ERROR - LBridge_logger] - Converting old file: G:/MegascansLibrary_v02/Downloaded/3d/nature_rock_xgjodgt/xgjodgt_4K_Normal_LOD4.exr
[2024-11-28 16:35:45] [ERROR - LBridge_logger] - Converting old file: G:/MegascansLibrary_v02/Downloaded/3d/nature_rock_xgjodgt/xgjodgt_4K_Normal_LOD5.exr
[2024-11-28 16:35:54] [DEBUG - LBridge_logger] - Successfully imported asset: Desert Western Cliff Sheer Xl 09:xgjodgt
[2024-11-28 16:36:01] [DEBUG - LBridge_logger] - Houdini Listener stopped`






[2024-11-28 16:36:04] [DEBUG - LBridge_logger] - Houdini Listener started on localhost:24981
[2024-11-28 16:36:09] [DEBUG - LBridge_logger] - Successfully imported asset: Small Stones Pack:vcljbb1iw
[2024-11-28 16:36:12] [DEBUG - LBridge_logger] - Asset: Raspberry:wf0oefeja was successfully imported
[2024-11-28 16:36:15] [DEBUG - LBridge_logger] - Successfully imported asset: Gigantic Tundra Terrain:viyjcbq
[2024-11-28 16:36:18] [DEBUG - LBridge_logger] - Houdini Listener stopped`






[2024-11-28 16:36:55] [ERROR - LBridge_logger] - Converting old file: G:/MegascansLibrary_v02/Downloaded/3d/3d_nature_viyjcbq/viyjcbq_4K_Albedo.exr
[2024-11-28 16:36:55] [ERROR - LBridge_logger] - Converting old file: G:/MegascansLibrary_v02/Downloaded/3d/3d_nature_viyjcbq/viyjcbq_4K_Displacement.exr
[2024-11-28 16:36:55] [ERROR - LBridge_logger] - Converting old file: G:/MegascansLibrary_v02/Downloaded/3d/3d_nature_viyjcbq/viyjcbq_4K_Normal_LOD0.exr
[2024-11-28 16:36:55] [ERROR - LBridge_logger] - Converting old file: G:/MegascansLibrary_v02/Downloaded/3d/3d_nature_viyjcbq/viyjcbq_4K_Roughness.exr
[2024-11-28 16:36:55] [ERROR - LBridge_logger] - Converting old file: G:/MegascansLibrary_v02/Downloaded/3d/3d_nature_viyjcbq/viyjcbq_4K_Specular.exr
[2024-11-28 16:36:55] [ERROR - LBridge_logger] - Converting old file: G:/MegascansLibrary_v02/Downloaded/3d/3d_nature_viyjcbq/viyjcbq_4K_Albedo.exr
[2024-11-28 16:36:55] [ERROR - LBridge_logger] - Converting old file: G:/MegascansLibrary_v02/Downloaded/3d/3d_nature_viyjcbq/viyjcbq_4K_Albedo_LOD4.exr
[2024-11-28 16:36:55] [ERROR - LBridge_logger] - Converting old file: G:/MegascansLibrary_v02/Downloaded/3d/3d_nature_viyjcbq/viyjcbq_4K_Albedo_LOD5.exr
[2024-11-28 16:36:55] [ERROR - LBridge_logger] - Converting old file: G:/MegascansLibrary_v02/Downloaded/3d/3d_nature_viyjcbq/viyjcbq_4K_Normal_LOD0.exr
[2024-11-28 16:36:55] [ERROR - LBridge_logger] - Converting old file: G:/MegascansLibrary_v02/Downloaded/3d/3d_nature_viyjcbq/viyjcbq_4K_Normal_LOD1.exr
[2024-11-28 16:36:55] [ERROR - LBridge_logger] - Converting old file: G:/MegascansLibrary_v02/Downloaded/3d/3d_nature_viyjcbq/viyjcbq_4K_Normal_LOD2.exr
[2024-11-28 16:36:55] [ERROR - LBridge_logger] - Converting old file: G:/MegascansLibrary_v02/Downloaded/3d/3d_nature_viyjcbq/viyjcbq_4K_Normal_LOD3.exr
[2024-11-28 16:36:55] [ERROR - LBridge_logger] - Converting old file: G:/MegascansLibrary_v02/Downloaded/3d/3d_nature_viyjcbq/viyjcbq_4K_Normal_LOD4.exr
[2024-11-28 16:36:55] [ERROR - LBridge_logger] - Converting old file: G:/MegascansLibrary_v02/Downloaded/3d/3d_nature_viyjcbq/viyjcbq_4K_Normal_LOD5.exr
